<?xml version="1.0" encoding="UTF-8"?>
<testsuite xmlns:xsi="http://www.w3.org/2001/XMLSchema-instance" xsi:noNamespaceSchemaLocation="https://maven.apache.org/surefire/maven-surefire-plugin/xsd/surefire-test-report-3.0.xsd" version="3.0" name="cucumber.options.TestRunner" time="7.488" tests="2" errors="0" skipped="0" failures="0">
  <properties>
[...]
</properties>
  <testcase name="Verify if place is being added using addPlace Api" classname="Validating place API&apos;s" time="5.024">
    <system-out><![CDATA[post
HTTP/1.1 200 OK
Date: Tue, 17 Jun 2025 10:47:09 GMT
Server: Apache/2.4.52 (Ubuntu)
Access-Control-Allow-Origin: *
Access-Control-Allow-Methods: POST
Access-Control-Max-Age: 3600
Access-Control-Allow-Headers: Content-Type, Access-Control-Allow-Headers, Authorization, X-Requested-With
Content-Length: 194
Keep-Alive: timeout=5, max=100
Connection: Keep-Alive
Content-Type: application/json;charset=UTF-8

{
    "status": "OK",
    "place_id": "fe702d251ab56ed78c409da317c5cdea",
    "scope": "APP",
    "reference": "c02346db4f10ece4e2523e930ab092dac02346db4f10ece4e2523e930ab092da",
    "id": "c02346db4f10ece4e2523e930ab092da"
}
get
HTTP/1.1 200 OK
Date: Tue, 17 Jun 2025 10:47:10 GMT
Server: Apache/2.4.52 (Ubuntu)
Access-Control-Allow-Origin: *
Access-Control-Allow-Methods: POST
Access-Control-Max-Age: 3600
Access-Control-Allow-Headers: Content-Type, Access-Control-Allow-Headers, Authorization, X-Requested-With
Content-Length: 212
Keep-Alive: timeout=5, max=100
Connection: Keep-Alive
Content-Type: application/json;charset=UTF-8

{
    "location": {
        "latitude": "30.4585245",
        "longitude": "-36.25487"
    },
    "accuracy": "50",
    "name": "Punjab",
    "phone_number": "9922545",
    "address": "Bhatinda",
    "types": "Car,Banana",
    "website": "www.manewada1.com",
    "language": "Punjabi"
}
Punjab
Punjab
]]></system-out>
  </testcase>
  <testcase name="Verify delete call" classname="Validating place API&apos;s" time="2.123">
    <system-out><![CDATA[ Place id is    fe702d251ab56ed78c409da317c5cdea
DELETE
HTTP/1.1 200 OK
Date: Tue, 17 Jun 2025 10:47:12 GMT
Server: Apache/2.4.52 (Ubuntu)
Access-Control-Allow-Origin: *
Access-Control-Allow-Methods: POST
Access-Control-Max-Age: 3600
Access-Control-Allow-Headers: Content-Type, Access-Control-Allow-Headers, Authorization, X-Requested-With
Content-Length: 15
Keep-Alive: timeout=5, max=100
Connection: Keep-Alive
Content-Type: application/json;charset=UTF-8

{
    "status": "OK"
}
]]></system-out>
  </testcase>
</testsuite>